<?xml version="1.0" encoding="UTF-8"?>
<!-- Generated by org.testng.reporters.JUnitXMLReporter -->
<testsuite hostname="Алена-ПК" ignored="0" tests="5" failures="0" timestamp="08 мар 2018 19:02:34 GMT" time="169.315" errors="0">
  <testcase name="favoriteLocation" time="21.184" classname="Tests"/>
  <testcase name="searchLocation" time="22.372" classname="Tests"/>
  <testcase name="selectUursAndDaagseWidgets" time="29.593" classname="Tests"/>
  <testcase name="showForecastForFortyEightHours" time="3.36" classname="Tests"/>
  <testcase name="uncheckWidgets" time="12.752" classname="Tests"/>
</testsuite>
